Using pre-set license
Built from '2021.3/staging' branch; Version is '2021.3.21f1 (1b156197d683) revision 1774945'; Using compiler version '192829333'; Build Type 'Release'
OS: 'Windows 10  (10.0.19045) 64bit Professional' Language: 'pl' Physical Memory: 16288 MB
BatchMode: 1, IsHumanControllingUs: 0, StartBugReporterOnCrash: 0, Is64bit: 1, IsPro: 1

COMMAND LINE ARGUMENTS:
C:\Program Files\Unity\Hub\Editor\2021.3.21f1\Editor\Unity.exe
-adb2
-batchMode
-noUpm
-name
AssetImportWorker1
-projectPath
C:/Users/Wojtek/RiderProjects/swordsman-game
-logFile
Logs/AssetImportWorker1.log
-srvPort
50223
Successfully changed project path to: C:/Users/Wojtek/RiderProjects/swordsman-game
C:/Users/Wojtek/RiderProjects/swordsman-game
[UnityMemory] Configuration Parameters - Can be set up in boot.config
    "memorysetup-bucket-allocator-granularity=16"
    "memorysetup-bucket-allocator-bucket-count=8"
    "memorysetup-bucket-allocator-block-size=33554432"
    "memorysetup-bucket-allocator-block-count=8"
    "memorysetup-main-allocator-block-size=16777216"
    "memorysetup-thread-allocator-block-size=16777216"
    "memorysetup-gfx-main-allocator-block-size=16777216"
    "memorysetup-gfx-thread-allocator-block-size=16777216"
    "memorysetup-cache-allocator-block-size=4194304"
    "memorysetup-typetree-allocator-block-size=2097152"
    "memorysetup-profiler-bucket-allocator-granularity=16"
    "memorysetup-profiler-bucket-allocator-bucket-count=8"
    "memorysetup-profiler-bucket-allocator-block-size=33554432"
    "memorysetup-profiler-bucket-allocator-block-count=8"
    "memorysetup-profiler-allocator-block-size=16777216"
    "memorysetup-profiler-editor-allocator-block-size=1048576"
    "memorysetup-temp-allocator-size-main=16777216"
    "memorysetup-job-temp-allocator-block-size=2097152"
    "memorysetup-job-temp-allocator-block-size-background=1048576"
    "memorysetup-job-temp-allocator-reduction-small-platforms=262144"
    "memorysetup-temp-allocator-size-background-worker=32768"
    "memorysetup-temp-allocator-size-job-worker=262144"
    "memorysetup-temp-allocator-size-preload-manager=33554432"
    "memorysetup-temp-allocator-size-nav-mesh-worker=65536"
    "memorysetup-temp-allocator-size-audio-worker=65536"
    "memorysetup-temp-allocator-size-cloud-worker=32768"
    "memorysetup-temp-allocator-size-gi-baking-worker=262144"
    "memorysetup-temp-allocator-size-gfx=262144"
Player connection [4200] Host "[IP] 192.168.1.32 [Port] 0 [Flags] 2 [Guid] 1708758921 [EditorId] 1708758921 [Version] 1048832 [Id] WindowsEditor(7,DESKTOP-NKHPVOD) [Debug] 1 [PackageName] WindowsEditor [ProjectName] Editor" joined multi-casting on [225.0.0.222:54997]...

Player connection [4200] Host "[IP] 192.168.1.32 [Port] 0 [Flags] 2 [Guid] 1708758921 [EditorId] 1708758921 [Version] 1048832 [Id] WindowsEditor(7,DESKTOP-NKHPVOD) [Debug] 1 [PackageName] WindowsEditor [ProjectName] Editor" joined alternative multi-casting on [225.0.0.222:34997]...

Refreshing native plugins compatible for Editor in 31.52 ms, found 3 plugins.
Preloading 0 native plugins for Editor in 0.00 ms.
Initialize engine version: 2021.3.21f1 (1b156197d683)
[Subsystems] Discovering subsystems at path C:/Program Files/Unity/Hub/Editor/2021.3.21f1/Editor/Data/Resources/UnitySubsystems
[Subsystems] Discovering subsystems at path C:/Users/Wojtek/RiderProjects/swordsman-game/Assets
GfxDevice: creating device client; threaded=0; jobified=0
Direct3D:
    Version:  Direct3D 11.0 [level 11.1]
    Renderer: NVIDIA GeForce RTX 3060 (ID=0x2487)
    Vendor:   NVIDIA
    VRAM:     12124 MB
    Driver:   31.0.15.2686
Initialize mono
Mono path[0] = 'C:/Program Files/Unity/Hub/Editor/2021.3.21f1/Editor/Data/Managed'
Mono path[1] = 'C:/Program Files/Unity/Hub/Editor/2021.3.21f1/Editor/Data/MonoBleedingEdge/lib/mono/unityjit-win32'
Mono config path = 'C:/Program Files/Unity/Hub/Editor/2021.3.21f1/Editor/Data/MonoBleedingEdge/etc'
Using monoOptions --debugger-agent=transport=dt_socket,embedding=1,server=y,suspend=n,address=127.0.0.1:56116
Begin MonoManager ReloadAssembly
Registering precompiled unity dll's ...
Register platform support module: C:/Program Files/Unity/Hub/Editor/2021.3.21f1/Editor/Data/PlaybackEngines/WebGLSupport/UnityEditor.WebGL.Extensions.dll
Register platform support module: C:/Program Files/Unity/Hub/Editor/2021.3.21f1/Editor/Data/PlaybackEngines/WindowsStandaloneSupport/UnityEditor.WindowsStandalone.Extensions.dll
Registered in 0.007640 seconds.
Native extension for WindowsStandalone target not found
Native extension for WebGL target not found
Refreshing native plugins compatible for Editor in 29.62 ms, found 3 plugins.
Preloading 0 native plugins for Editor in 0.00 ms.
Mono: successfully reloaded assembly
- Completed reload, in  0.442 seconds
Domain Reload Profiling:
	ReloadAssembly (442ms)
		BeginReloadAssembly (66ms)
			ExecutionOrderSort (0ms)
			DisableScriptedObjects (0ms)
			BackupInstance (0ms)
			ReleaseScriptingObjects (0ms)
			CreateAndSetChildDomain (1ms)
		EndReloadAssembly (300ms)
			LoadAssemblies (63ms)
			RebuildTransferFunctionScriptingTraits (0ms)
			SetupTypeCache (74ms)
			ReleaseScriptCaches (0ms)
			RebuildScriptCaches (19ms)
			SetupLoadedEditorAssemblies (170ms)
				LogAssemblyErrors (0ms)
				InitializePlatformSupportModulesInManaged (7ms)
				SetLoadedEditorAssemblies (0ms)
				RefreshPlugins (30ms)
				BeforeProcessingInitializeOnLoad (1ms)
				ProcessInitializeOnLoadAttributes (101ms)
				ProcessInitializeOnLoadMethodAttributes (31ms)
				AfterProcessingInitializeOnLoad (0ms)
				EditorAssembliesLoaded (0ms)
			ExecutionOrderSort2 (0ms)
			AwakeInstancesAfterBackupRestoration (0ms)
Platform modules already initialized, skipping
Registering precompiled user dll's ...
Registered in 0.004617 seconds.
Begin MonoManager ReloadAssembly
Native extension for WindowsStandalone target not found
Native extension for WebGL target not found
Refreshing native plugins compatible for Editor in 29.77 ms, found 3 plugins.
Preloading 0 native plugins for Editor in 0.00 ms.
Mono: successfully reloaded assembly
- Completed reload, in  0.738 seconds
Domain Reload Profiling:
	ReloadAssembly (739ms)
		BeginReloadAssembly (94ms)
			ExecutionOrderSort (0ms)
			DisableScriptedObjects (4ms)
			BackupInstance (0ms)
			ReleaseScriptingObjects (0ms)
			CreateAndSetChildDomain (17ms)
		EndReloadAssembly (566ms)
			LoadAssemblies (69ms)
			RebuildTransferFunctionScriptingTraits (0ms)
			SetupTypeCache (129ms)
			ReleaseScriptCaches (0ms)
			RebuildScriptCaches (32ms)
			SetupLoadedEditorAssemblies (313ms)
				LogAssemblyErrors (0ms)
				InitializePlatformSupportModulesInManaged (6ms)
				SetLoadedEditorAssemblies (0ms)
				RefreshPlugins (30ms)
				BeforeProcessingInitializeOnLoad (53ms)
				ProcessInitializeOnLoadAttributes (192ms)
				ProcessInitializeOnLoadMethodAttributes (25ms)
				AfterProcessingInitializeOnLoad (8ms)
				EditorAssembliesLoaded (0ms)
			ExecutionOrderSort2 (0ms)
			AwakeInstancesAfterBackupRestoration (4ms)
Platform modules already initialized, skipping
========================================================================
Worker process is ready to serve import requests
Launched and connected shader compiler UnityShaderCompiler.exe after 0.03 seconds
Refreshing native plugins compatible for Editor in 0.53 ms, found 3 plugins.
Preloading 0 native plugins for Editor in 0.00 ms.
Unloading 2532 Unused Serialized files (Serialized files now loaded: 0)
Unloading 32 unused Assets / (30.2 KB). Loaded Objects now: 3015.
Memory consumption went from 123.6 MB to 123.6 MB.
Total: 2.466600 ms (FindLiveObjects: 0.162000 ms CreateObjectMapping: 0.060900 ms MarkObjects: 2.223200 ms  DeleteObjects: 0.020000 ms)

AssetImportParameters requested are different than current active one (requested -> active):
  custom:video-decoder-ogg-theora: a1e56fd34408186e4bbccfd4996cb3dc -> 
  custom:container-muxer-webm: aa71ff27fc2769a1b78a27578f13a17b -> 
  custom:container-demuxer-webm: 4f35f7cbe854078d1ac9338744f61a02 -> 
  custom:video-encoder-webm-vp8: eb34c28f22e8b96e1ab97ce403110664 -> 
  custom:audio-encoder-webm-vorbis: bf7c407c2cedff20999df2af8eb42d56 -> 
  custom:framework-win-MediaFoundation: 216162199b28c13a410421893ffa2e32 -> 
  custom:container-demuxer-ogg: 62fdf1f143b41e24485cea50d1cbac27 -> 
  custom:video-decoder-webm-vp8: 9c59270c3fd7afecdb556c50c9e8de78 -> 
  custom:audio-decoder-ogg-vorbis: bf7c407c2cedff20999df2af8eb42d56 -> 
========================================================================
Received Import Request.
  Time since last request: 226.984880 seconds.
  path: Assets/Images/UI/ItemFrame.png
  artifactKey: Guid(85b314452d48eb24a89d564eb8ab7207) Importer(815301076,1909f56bfc062723c751e8b465ee728b)
Start importing Assets/Images/UI/ItemFrame.png using Guid(85b314452d48eb24a89d564eb8ab7207) Importer(815301076,1909f56bfc062723c751e8b465ee728b)  -> (artifact id: 'c7ba27a2d91e0ff26b87661f97fffe14') in 0.088362 seconds 
========================================================================
Received Import Request.
  Time since last request: 0.000019 seconds.
  path: Assets/Images/UI/Pointer.png
  artifactKey: Guid(392316ffd9ea6f34d91f65589ef9f199) Importer(815301076,1909f56bfc062723c751e8b465ee728b)
Start importing Assets/Images/UI/Pointer.png using Guid(392316ffd9ea6f34d91f65589ef9f199) Importer(815301076,1909f56bfc062723c751e8b465ee728b)  -> (artifact id: 'ab5c45593ed207b7bf698eb7632474e7') in 0.011596 seconds 
========================================================================
Received Import Request.
  Time since last request: 405.537144 seconds.
  path: Assets/Images/UI/Keys/2-Key.png
  artifactKey: Guid(a6427a7063156854192c3723c383b3e1) Importer(815301076,1909f56bfc062723c751e8b465ee728b)
Start importing Assets/Images/UI/Keys/2-Key.png using Guid(a6427a7063156854192c3723c383b3e1) Importer(815301076,1909f56bfc062723c751e8b465ee728b)  -> (artifact id: '0aea118e7a67f7b3e544dcdd5b2378ea') in 0.021029 seconds 
========================================================================
Received Import Request.
  Time since last request: 0.000019 seconds.
  path: Assets/Images/UI/Keys/C-Key.png
  artifactKey: Guid(19bea551ef8f95245a0e9fe4fef11781) Importer(815301076,1909f56bfc062723c751e8b465ee728b)
Start importing Assets/Images/UI/Keys/C-Key.png using Guid(19bea551ef8f95245a0e9fe4fef11781) Importer(815301076,1909f56bfc062723c751e8b465ee728b)  -> (artifact id: 'd753cca7f0fd53d4912dd5f4d20851b7') in 0.015321 seconds 
========================================================================
Received Import Request.
  Time since last request: 0.000023 seconds.
  path: Assets/Images/UI/Keys/E-Key.png
  artifactKey: Guid(4640a33fc2ed69c489e3e1e89bbe6d6c) Importer(815301076,1909f56bfc062723c751e8b465ee728b)
Start importing Assets/Images/UI/Keys/E-Key.png using Guid(4640a33fc2ed69c489e3e1e89bbe6d6c) Importer(815301076,1909f56bfc062723c751e8b465ee728b)  -> (artifact id: '78a70f86ca9be1844bb0ec4cc6de54fe') in 0.016795 seconds 
========================================================================
Received Import Request.
  Time since last request: 0.000017 seconds.
  path: Assets/Images/UI/Keys/M-Key.png
  artifactKey: Guid(3467a4c9b34aa02428c7b3e089ac60df) Importer(815301076,1909f56bfc062723c751e8b465ee728b)
Start importing Assets/Images/UI/Keys/M-Key.png using Guid(3467a4c9b34aa02428c7b3e089ac60df) Importer(815301076,1909f56bfc062723c751e8b465ee728b)  -> (artifact id: 'b667d63e71c2d64c44888800fddaa96f') in 0.016323 seconds 
========================================================================
Received Import Request.
  Time since last request: 0.000019 seconds.
  path: Assets/Images/UI/Keys/J-Key.png
  artifactKey: Guid(abcb489fdd11a21458302bee7ca5a52b) Importer(815301076,1909f56bfc062723c751e8b465ee728b)
Start importing Assets/Images/UI/Keys/J-Key.png using Guid(abcb489fdd11a21458302bee7ca5a52b) Importer(815301076,1909f56bfc062723c751e8b465ee728b)  -> (artifact id: '7022cb94841732eaf2066d7f0daec053') in 0.009821 seconds 
========================================================================
Received Import Request.
  Time since last request: 0.000016 seconds.
  path: Assets/Images/UI/Keys/U-Key.png
  artifactKey: Guid(b7812ba872c058b48b17f1f8028c57e9) Importer(815301076,1909f56bfc062723c751e8b465ee728b)
Start importing Assets/Images/UI/Keys/U-Key.png using Guid(b7812ba872c058b48b17f1f8028c57e9) Importer(815301076,1909f56bfc062723c751e8b465ee728b)  -> (artifact id: '3869a7176fcd1344cac8ee83dc5701ed') in 0.014710 seconds 
========================================================================
Received Import Request.
  Time since last request: 0.000019 seconds.
  path: Assets/Images/UI/Keys/V-Key.png
  artifactKey: Guid(b237d1b2d46dd7e4fbb7a5aabef3f8e0) Importer(815301076,1909f56bfc062723c751e8b465ee728b)
Start importing Assets/Images/UI/Keys/V-Key.png using Guid(b237d1b2d46dd7e4fbb7a5aabef3f8e0) Importer(815301076,1909f56bfc062723c751e8b465ee728b)  -> (artifact id: '307e300f7f2ce695007841880e6ad5c3') in 0.013812 seconds 
========================================================================
Received Import Request.
  Time since last request: 0.000028 seconds.
  path: Assets/Images/UI/Keys/Shift-Key.png
  artifactKey: Guid(87e3e45ebc0958349a2aba07b6b40fb4) Importer(815301076,1909f56bfc062723c751e8b465ee728b)
Start importing Assets/Images/UI/Keys/Shift-Key.png using Guid(87e3e45ebc0958349a2aba07b6b40fb4) Importer(815301076,1909f56bfc062723c751e8b465ee728b)  -> (artifact id: '3876716d897fbaa9058bccc376d37187') in 0.015714 seconds 
========================================================================
Received Import Request.
  Time since last request: 0.000013 seconds.
  path: Assets/Images/UI/Keys/9-Key.png
  artifactKey: Guid(9b3ec917589be9249bc9b709f94c7996) Importer(815301076,1909f56bfc062723c751e8b465ee728b)
Start importing Assets/Images/UI/Keys/9-Key.png using Guid(9b3ec917589be9249bc9b709f94c7996) Importer(815301076,1909f56bfc062723c751e8b465ee728b)  -> (artifact id: '92170a675a880411d3ba4bdb387a1c2b') in 0.015240 seconds 
========================================================================
Received Import Request.
  Time since last request: 0.000023 seconds.
  path: Assets/Images/UI/Keys/A-Key.png
  artifactKey: Guid(b8f897e4c8c87fc4b909e61bf0bf8485) Importer(815301076,1909f56bfc062723c751e8b465ee728b)
Start importing Assets/Images/UI/Keys/A-Key.png using Guid(b8f897e4c8c87fc4b909e61bf0bf8485) Importer(815301076,1909f56bfc062723c751e8b465ee728b)  -> (artifact id: '46ba26b7b1abc046eb20289c1516813d') in 0.018762 seconds 
========================================================================
Received Import Request.
  Time since last request: 0.000017 seconds.
  path: Assets/Images/UI/Keys/R-Key.png
  artifactKey: Guid(e6a601b6b761bd249b397be9ea15925d) Importer(815301076,1909f56bfc062723c751e8b465ee728b)
Start importing Assets/Images/UI/Keys/R-Key.png using Guid(e6a601b6b761bd249b397be9ea15925d) Importer(815301076,1909f56bfc062723c751e8b465ee728b)  -> (artifact id: 'c2e73937d5e65704a1cd4fcff6139e4a') in 0.020112 seconds 
========================================================================
Received Import Request.
  Time since last request: 0.000020 seconds.
  path: Assets/Images/UI/Keys/Alt-Key.png
  artifactKey: Guid(51e27a798ef201b41835e15685a1027b) Importer(815301076,1909f56bfc062723c751e8b465ee728b)
Start importing Assets/Images/UI/Keys/Alt-Key.png using Guid(51e27a798ef201b41835e15685a1027b) Importer(815301076,1909f56bfc062723c751e8b465ee728b)  -> (artifact id: '96f425216421d9e1509fda791e940dbe') in 0.030149 seconds 
========================================================================
Received Import Request.
  Time since last request: 0.000018 seconds.
  path: Assets/Images/UI/Keys/S-Key.png
  artifactKey: Guid(43a42e4c39eacb34cb0c5cb0d700f2d2) Importer(815301076,1909f56bfc062723c751e8b465ee728b)
Start importing Assets/Images/UI/Keys/S-Key.png using Guid(43a42e4c39eacb34cb0c5cb0d700f2d2) Importer(815301076,1909f56bfc062723c751e8b465ee728b)  -> (artifact id: 'b476564d98b29ae8bdd26e5226cee19c') in 0.013030 seconds 
========================================================================
Received Import Request.
  Time since last request: 0.000020 seconds.
  path: Assets/Images/UI/Keys/K-Key.png
  artifactKey: Guid(5e174039157bd6148a6337c9caf16ad4) Importer(815301076,1909f56bfc062723c751e8b465ee728b)
Start importing Assets/Images/UI/Keys/K-Key.png using Guid(5e174039157bd6148a6337c9caf16ad4) Importer(815301076,1909f56bfc062723c751e8b465ee728b)  -> (artifact id: '0a5b947c1013c7f2c1512c68632c884c') in 0.032908 seconds 
========================================================================
Received Import Request.
  Time since last request: 0.000019 seconds.
  path: Assets/Images/UI/Keys/Z-Key.png
  artifactKey: Guid(daeddb2cf0d9d6843a916e8c3824dec5) Importer(815301076,1909f56bfc062723c751e8b465ee728b)
Start importing Assets/Images/UI/Keys/Z-Key.png using Guid(daeddb2cf0d9d6843a916e8c3824dec5) Importer(815301076,1909f56bfc062723c751e8b465ee728b)  -> (artifact id: '5615890645d46f4315b077f00aafdb34') in 0.009277 seconds 
========================================================================
Received Import Request.
  Time since last request: 0.000020 seconds.
  path: Assets/Images/UI/Keys/T-Key.png
  artifactKey: Guid(17877511de3b1a14a8ecc34c5072d55e) Importer(815301076,1909f56bfc062723c751e8b465ee728b)
Start importing Assets/Images/UI/Keys/T-Key.png using Guid(17877511de3b1a14a8ecc34c5072d55e) Importer(815301076,1909f56bfc062723c751e8b465ee728b)  -> (artifact id: 'b2ca8e328550ed64f94d5d2e06131e54') in 0.009709 seconds 
========================================================================
Received Import Request.
  Time since last request: 0.000018 seconds.
  path: Assets/Images/UI/Keys/4-Key.png
  artifactKey: Guid(06773f740fdcb2243940076e6e89cc13) Importer(815301076,1909f56bfc062723c751e8b465ee728b)
Start importing Assets/Images/UI/Keys/4-Key.png using Guid(06773f740fdcb2243940076e6e89cc13) Importer(815301076,1909f56bfc062723c751e8b465ee728b)  -> (artifact id: 'af0914912b8c276241cf899df543c75a') in 0.009862 seconds 
========================================================================
Received Import Request.
  Time since last request: 0.000023 seconds.
  path: Assets/Images/UI/Keys/Ctrl-Key.png
  artifactKey: Guid(793b3f5453b0a0047a34f7c84bae6d14) Importer(815301076,1909f56bfc062723c751e8b465ee728b)
Start importing Assets/Images/UI/Keys/Ctrl-Key.png using Guid(793b3f5453b0a0047a34f7c84bae6d14) Importer(815301076,1909f56bfc062723c751e8b465ee728b)  -> (artifact id: 'c09e86f1142d9e89f96d246bc349fa29') in 0.010315 seconds 
========================================================================
Received Import Request.
  Time since last request: 0.000029 seconds.
  path: Assets/Images/UI/Keys/N-Key.png
  artifactKey: Guid(18bccd509838ce943a96abfb66150dd8) Importer(815301076,1909f56bfc062723c751e8b465ee728b)
Start importing Assets/Images/UI/Keys/N-Key.png using Guid(18bccd509838ce943a96abfb66150dd8) Importer(815301076,1909f56bfc062723c751e8b465ee728b)  -> (artifact id: 'fdb554c97914f5d3bd78f553e13d58e9') in 0.009763 seconds 
========================================================================
Received Import Request.
  Time since last request: 0.000016 seconds.
  path: Assets/Images/UI/Keys/X-Key.png
  artifactKey: Guid(07e61580ca7a3444b90149e6c4f6aecb) Importer(815301076,1909f56bfc062723c751e8b465ee728b)
Start importing Assets/Images/UI/Keys/X-Key.png using Guid(07e61580ca7a3444b90149e6c4f6aecb) Importer(815301076,1909f56bfc062723c751e8b465ee728b)  -> (artifact id: 'e3ebb189df2deeb8ccd68c06e0575b52') in 0.009871 seconds 
========================================================================
Received Import Request.
  Time since last request: 0.000031 seconds.
  path: Assets/Images/UI/Keys/L-Key.png
  artifactKey: Guid(d524f885ba7f38e4795cb13cd6cb327f) Importer(815301076,1909f56bfc062723c751e8b465ee728b)
Start importing Assets/Images/UI/Keys/L-Key.png using Guid(d524f885ba7f38e4795cb13cd6cb327f) Importer(815301076,1909f56bfc062723c751e8b465ee728b)  -> (artifact id: 'ea549d164dece1de2c3ccb810379f709') in 0.009931 seconds 
Editor requested this worker to shutdown with reason: Scaling down because of idle timeout
AssetImportWorker is now disconnected from the server
Process exiting
Exiting without the bug reporter. Application will terminate with return code 0